# Logfile created on Thu Apr 12 05:53:45 -0500 2007 by logger.rb/1.5.2.9
  [4;36;1mSQL (0.000000)[0m   [0;1mMysql::Error: Table 'schema_info' already exists: CREATE TABLE schema_info (version int(11))[0m
  [4;35;1mSQL (0.000000)[0m   [0mMysql::Error: Table 'schema_info' already exists: CREATE TABLE schema_info (version int(11))[0m
  [4;36;1mSQL (0.000000)[0m   [0;1mSELECT version FROM schema_info[0m
  [4;35;1mAnalyzing 
[0m   [0mselect_type | key_len | type | Extra | id | possible_keys | rows | table       | ref | key
   ------------------------------------------------------------------------------------------
   SIMPLE      |         | ALL  |       | 1  |               | 1    | schema_info |     |    
[0m
Migrating to CreateMilestones (1)
  [4;36;1mSQL (0.000000)[0m   [0;1mMysql::Error: Table 'milestones' already exists: CREATE TABLE milestones (`id` int(11) DEFAULT NULL auto_increment PRIMARY KEY, `company_id` int(11), `project_id` int(11), `user_id` int(11), `name` varchar(255), `description` text, `due_at` datetime, `position` int(11)) ENGINE=InnoDB[0m
  [4;36;1mSQL (0.000000)[0m   [0;1mCREATE TABLE schema_info (version int(11))[0m
  [4;35;1mSQL (0.000000)[0m   [0mINSERT INTO schema_info (version) VALUES(0)[0m
  [4;36;1mSQL (0.000000)[0m   [0;1mMysql::Error: Table 'schema_info' already exists: CREATE TABLE schema_info (version int(11))[0m
  [4;35;1mSQL (0.000000)[0m   [0mSELECT version FROM schema_info[0m
  [4;36;1mAnalyzing 
[0m   [0;1mselect_type | key_len | type | Extra | id | possible_keys | rows | table       | ref | key
   ------------------------------------------------------------------------------------------
   SIMPLE      |         | ALL  |       | 1  |               | 1    | schema_info |     |    
[0m
Migrating to CreateMilestones (1)
  [4;35;1mSQL (0.000000)[0m   [0mCREATE TABLE milestones (`id` int(11) DEFAULT NULL auto_increment PRIMARY KEY, `company_id` int(11), `project_id` int(11), `user_id` int(11), `name` varchar(255), `description` text, `due_at` datetime, `position` int(11)) ENGINE=InnoDB[0m
  [4;36;1mSQL (0.000000)[0m   [0;1mMysql::Error: Table 'cit_dev.tasks' doesn't exist: ALTER TABLE tasks ADD `milestone_id` int(11)[0m
  [4;36;1mSQL (0.000000)[0m   [0;1mMysql::Error: #42S02Unknown table 'binaries': DROP TABLE binaries[0m
  [4;35;1mSQL (0.003000)[0m   [0mCREATE TABLE binaries (`id` int(11) DEFAULT NULL auto_increment PRIMARY KEY, `data` blob, `project_file_id` int(11)) ENGINE=InnoDB[0m
  [4;36;1mSQL (0.000000)[0m   [0;1mMysql::Error: #42S02Unknown table 'companies': DROP TABLE companies[0m
  [4;35;1mSQL (0.021000)[0m   [0mCREATE TABLE companies (`id` int(11) DEFAULT NULL auto_increment PRIMARY KEY, `name` varchar(200) DEFAULT '' NOT NULL, `contact_email` varchar(200), `contact_name` varchar(200), `created_at` datetime, `updated_at` datetime, `subdomain` varchar(255) DEFAULT '' NOT NULL) ENGINE=InnoDB[0m
  [4;36;1mSQL (0.022000)[0m   [0;1mCREATE UNIQUE INDEX `name` ON companies (`name`)[0m
  [4;35;1mSQL (0.005000)[0m   [0mCREATE UNIQUE INDEX `companies_subdomain_index` ON companies (`subdomain`)[0m
  [4;36;1mSQL (0.000000)[0m   [0;1mMysql::Error: #42S02Unknown table 'customers': DROP TABLE customers[0m
  [4;35;1mSQL (0.002000)[0m   [0mCREATE TABLE customers (`id` int(11) DEFAULT NULL auto_increment PRIMARY KEY, `company_id` int(11) DEFAULT 0 NOT NULL, `name` varchar(200) DEFAULT '' NOT NULL, `contact_email` varchar(200), `contact_name` varchar(200), `created_at` datetime, `updated_at` datetime, `css` text, `binary_id` int(11)) ENGINE=InnoDB[0m
  [4;36;1mSQL (0.005000)[0m   [0;1mCREATE INDEX `customers_company_id_index` ON customers (`company_id`, `name`)[0m
  [4;35;1mSQL (0.000000)[0m   [0mMysql::Error: #42S02Unknown table 'generated_reports': DROP TABLE generated_reports[0m
  [4;36;1mSQL (0.002000)[0m   [0;1mCREATE TABLE generated_reports (`id` int(11) DEFAULT NULL auto_increment PRIMARY KEY, `company_id` int(11), `user_id` int(11), `filename` varchar(255), `report` text, `created_at` datetime) ENGINE=InnoDB[0m
  [4;35;1mSQL (0.000000)[0m   [0mMysql::Error: #42S02Unknown table 'milestones': DROP TABLE milestones[0m
  [4;36;1mSQL (0.002000)[0m   [0;1mCREATE TABLE milestones (`id` int(11) DEFAULT NULL auto_increment PRIMARY KEY, `company_id` int(11), `project_id` int(11), `user_id` int(11), `name` varchar(255), `description` text, `due_at` datetime, `position` int(11), `completed_at` datetime) ENGINE=InnoDB[0m
  [4;35;1mSQL (0.005000)[0m   [0mCREATE INDEX `milestones_company_id_index` ON milestones (`company_id`)[0m
  [4;36;1mSQL (0.005000)[0m   [0;1mCREATE INDEX `milestones_project_id_index` ON milestones (`project_id`)[0m
  [4;35;1mSQL (0.000000)[0m   [0mMysql::Error: #42S02Unknown table 'news_items': DROP TABLE news_items[0m
  [4;36;1mSQL (0.003000)[0m   [0;1mCREATE TABLE news_items (`id` int(11) DEFAULT NULL auto_increment PRIMARY KEY, `created_at` datetime, `body` text) ENGINE=InnoDB[0m
  [4;35;1mSQL (0.000000)[0m   [0mMysql::Error: #42S02Unknown table 'notifications': DROP TABLE notifications[0m
  [4;36;1mSQL (0.001000)[0m   [0;1mCREATE TABLE notifications (`id` int(11) DEFAULT NULL auto_increment PRIMARY KEY, `task_id` int(11), `user_id` int(11)) ENGINE=InnoDB[0m
  [4;35;1mSQL (0.000000)[0m   [0mMysql::Error: #42S02Unknown table 'pages': DROP TABLE pages[0m
  [4;36;1mSQL (0.002000)[0m   [0;1mCREATE TABLE pages (`id` int(11) DEFAULT NULL auto_increment PRIMARY KEY, `name` varchar(200) DEFAULT '' NOT NULL, `body` text, `company_id` int(11) DEFAULT 0 NOT NULL, `user_id` int(11) DEFAULT 0 NOT NULL, `project_id` int(11), `created_at` datetime, `updated_at` datetime, `position` int(11)) ENGINE=InnoDB[0m
  [4;35;1mSQL (0.006000)[0m   [0mCREATE INDEX `pages_company_id_index` ON pages (`company_id`)[0m
  [4;36;1mSQL (0.000000)[0m   [0;1mMysql::Error: #42S02Unknown table 'project_files': DROP TABLE project_files[0m
  [4;35;1mSQL (0.002000)[0m   [0mCREATE TABLE project_files (`id` int(11) DEFAULT NULL auto_increment PRIMARY KEY, `company_id` int(11) DEFAULT 0 NOT NULL, `project_id` int(11) DEFAULT 0 NOT NULL, `customer_id` int(11) DEFAULT 0 NOT NULL, `name` varchar(200) DEFAULT '' NOT NULL, `binary_id` int(11) DEFAULT 0 NOT NULL, `file_type` int(11) DEFAULT 0 NOT NULL, `created_at` datetime NOT NULL, `updated_at` datetime NOT NULL, `filename` varchar(200) DEFAULT '' NOT NULL, `thumbnail_id` int(11), `file_size` int(11), `task_id` int(11)) ENGINE=InnoDB[0m
  [4;36;1mSQL (0.006000)[0m   [0;1mCREATE INDEX `project_files_company_id_index` ON project_files (`company_id`)[0m
  [4;35;1mSQL (0.000000)[0m   [0mMysql::Error: #42S02Unknown table 'project_permissions': DROP TABLE project_permissions[0m
  [4;36;1mSQL (0.003000)[0m   [0;1mCREATE TABLE project_permissions (`id` int(11) DEFAULT NULL auto_increment PRIMARY KEY, `company_id` int(11), `project_id` int(11), `user_id` int(11), `created_at` datetime, `can_comment` tinyint(1) DEFAULT 0, `can_work` tinyint(1) DEFAULT 0, `can_report` tinyint(1) DEFAULT 0, `can_create` tinyint(1) DEFAULT 0, `can_edit` tinyint(1) DEFAULT 0, `can_reassign` tinyint(1) DEFAULT 0, `can_prioritize` tinyint(1) DEFAULT 0, `can_close` tinyint(1) DEFAULT 0, `can_grant` tinyint(1) DEFAULT 0, `can_milestone` tinyint(1) DEFAULT 0) ENGINE=InnoDB[0m
  [4;35;1mSQL (0.005000)[0m   [0mCREATE INDEX `project_permissions_project_id_index` ON project_permissions (`project_id`)[0m
  [4;36;1mSQL (0.005000)[0m   [0;1mCREATE INDEX `project_permissions_user_id_index` ON project_permissions (`user_id`)[0m
  [4;35;1mSQL (0.000000)[0m   [0mMysql::Error: #42S02Unknown table 'projects': DROP TABLE projects[0m
  [4;36;1mSQL (0.002000)[0m   [0;1mCREATE TABLE projects (`id` int(11) DEFAULT NULL auto_increment PRIMARY KEY, `name` varchar(200) DEFAULT '' NOT NULL, `user_id` int(11) DEFAULT 0 NOT NULL, `company_id` int(11) DEFAULT 0 NOT NULL, `customer_id` int(11) DEFAULT 0 NOT NULL, `created_at` datetime, `updated_at` datetime, `completed_at` datetime) ENGINE=InnoDB[0m
  [4;35;1mSQL (0.005000)[0m   [0mCREATE INDEX `projects_company_id_index` ON projects (`company_id`)[0m
  [4;36;1mSQL (0.005000)[0m   [0;1mCREATE INDEX `projects_customer_id_index` ON projects (`customer_id`)[0m
  [4;35;1mSQL (0.000000)[0m   [0mMysql::Error: #42S02Unknown table 'scm_changesets': DROP TABLE scm_changesets[0m
  [4;36;1mSQL (0.002000)[0m   [0;1mCREATE TABLE scm_changesets (`id` int(11) DEFAULT NULL auto_increment PRIMARY KEY, `company_id` int(11), `project_id` int(11), `user_id` int(11), `scm_project_id` int(11), `author` varchar(255), `changeset_num` int(11), `commit_date` datetime, `changeset_rev` varchar(255), `message` text) ENGINE=InnoDB[0m
  [4;35;1mSQL (0.005000)[0m   [0mCREATE INDEX `scm_changesets_commit_date_index` ON scm_changesets (`commit_date`)[0m
  [4;36;1mSQL (0.005000)[0m   [0;1mCREATE INDEX `scm_changesets_author_index` ON scm_changesets (`author`)[0m
  [4;35;1mSQL (0.000000)[0m   [0mMysql::Error: #42S02Unknown table 'scm_files': DROP TABLE scm_files[0m
  [4;36;1mSQL (0.002000)[0m   [0;1mCREATE TABLE scm_files (`id` int(11) DEFAULT NULL auto_increment PRIMARY KEY, `project_id` int(11), `company_id` int(11), `name` text, `path` text, `state` varchar(255), `commit_date` datetime) ENGINE=InnoDB[0m
  [4;35;1mSQL (0.005000)[0m   [0mCREATE INDEX `scm_files_project_id_index` ON scm_files (`project_id`)[0m
  [4;36;1mSQL (0.000000)[0m   [0;1mMysql::Error: #42S02Unknown table 'scm_projects': DROP TABLE scm_projects[0m
  [4;35;1mSQL (0.002000)[0m   [0mCREATE TABLE scm_projects (`id` int(11) DEFAULT NULL auto_increment PRIMARY KEY, `project_id` int(11), `company_id` int(11), `scm_type` varchar(255), `last_commit_date` datetime, `last_update` datetime, `last_checkout` datetime, `module` text, `location` text) ENGINE=InnoDB[0m
  [4;36;1mSQL (0.000000)[0m   [0;1mMysql::Error: #42S02Unknown table 'scm_revisions': DROP TABLE scm_revisions[0m
  [4;35;1mSQL (0.002000)[0m   [0mCREATE TABLE scm_revisions (`id` int(11) DEFAULT NULL auto_increment PRIMARY KEY, `company_id` int(11), `project_id` int(11), `user_id` int(11), `scm_changeset_id` int(11), `scm_file_id` int(11), `revision` varchar(255), `author` varchar(255), `commit_date` datetime, `state` varchar(255)) ENGINE=InnoDB[0m
  [4;36;1mSQL (0.005000)[0m   [0;1mCREATE INDEX `scm_revisions_scm_changeset_id_index` ON scm_revisions (`scm_changeset_id`)[0m
  [4;35;1mSQL (0.005000)[0m   [0mCREATE INDEX `scm_revisions_scm_file_id_index` ON scm_revisions (`scm_file_id`)[0m
  [4;36;1mSQL (0.000000)[0m   [0;1mMysql::Error: #42S02Unknown table 'sessions': DROP TABLE sessions[0m
  [4;35;1mSQL (0.002000)[0m   [0mCREATE TABLE sessions (`id` int(11) DEFAULT NULL auto_increment PRIMARY KEY, `session_id` varchar(255), `data` text, `updated_at` datetime) ENGINE=InnoDB[0m
  [4;36;1mSQL (0.006000)[0m   [0;1mCREATE INDEX `sessions_session_id_index` ON sessions (`session_id`)[0m
  [4;35;1mSQL (0.000000)[0m   [0mMysql::Error: #42S02Unknown table 'sheets': DROP TABLE sheets[0m
  [4;36;1mSQL (0.002000)[0m   [0;1mCREATE TABLE sheets (`id` int(11) DEFAULT NULL auto_increment PRIMARY KEY, `user_id` int(11) DEFAULT 0 NOT NULL, `task_id` int(11) DEFAULT 0 NOT NULL, `project_id` int(11) DEFAULT 0 NOT NULL, `created_at` datetime, `body` text) ENGINE=InnoDB[0m
  [4;35;1mSQL (0.000000)[0m   [0mMysql::Error: #42S02Unknown table 'shouts': DROP TABLE shouts[0m
  [4;36;1mSQL (0.002000)[0m   [0;1mCREATE TABLE shouts (`id` int(11) DEFAULT NULL auto_increment PRIMARY KEY, `company_id` int(11), `user_id` int(11), `created_at` datetime, `body` text) ENGINE=InnoDB[0m
  [4;35;1mSQL (0.005000)[0m   [0mCREATE INDEX `shouts_created_at_index` ON shouts (`created_at`)[0m
  [4;36;1mSQL (0.005000)[0m   [0;1mCREATE INDEX `shouts_company_id_index` ON shouts (`company_id`)[0m
  [4;35;1mSQL (0.000000)[0m   [0mMysql::Error: #42S02Unknown table 'tags': DROP TABLE tags[0m
  [4;36;1mSQL (0.001000)[0m   [0;1mCREATE TABLE tags (`id` int(11) DEFAULT NULL auto_increment PRIMARY KEY, `company_id` int(11), `name` varchar(255)) ENGINE=InnoDB[0m
  [4;35;1mSQL (0.000000)[0m   [0mMysql::Error: #42S02Unknown table 'task_owners': DROP TABLE task_owners[0m
  [4;36;1mSQL (0.018000)[0m   [0;1mCREATE TABLE task_owners (`id` int(11) DEFAULT NULL auto_increment PRIMARY KEY, `user_id` int(11), `task_id` int(11)) ENGINE=InnoDB[0m
  [4;35;1mSQL (0.018000)[0m   [0mCREATE INDEX `task_owners_user_id_index` ON task_owners (`user_id`)[0m
  [4;36;1mSQL (0.026000)[0m   [0;1mCREATE INDEX `task_owners_task_id_index` ON task_owners (`task_id`)[0m
  [4;35;1mSQL (0.000000)[0m   [0mMysql::Error: #42S02Unknown table 'task_tags': DROP TABLE task_tags[0m
  [4;36;1mSQL (0.017000)[0m   [0;1mCREATE TABLE task_tags (`tag_id` int(11), `task_id` int(11)) ENGINE=InnoDB[0m
  [4;35;1mSQL (0.014000)[0m   [0mCREATE INDEX `task_tags_tag_id_index` ON task_tags (`tag_id`)[0m
  [4;36;1mSQL (0.022000)[0m   [0;1mCREATE INDEX `task_tags_task_id_index` ON task_tags (`task_id`)[0m
  [4;35;1mSQL (0.000000)[0m   [0mMysql::Error: #42S02Unknown table 'tasks': DROP TABLE tasks[0m
  [4;36;1mSQL (0.005000)[0m   [0;1mCREATE TABLE tasks (`id` int(11) DEFAULT NULL auto_increment PRIMARY KEY, `name` varchar(200) DEFAULT '' NOT NULL, `project_id` int(11) DEFAULT 0 NOT NULL, `position` int(11) DEFAULT 0 NOT NULL, `created_at` datetime NOT NULL, `due_at` datetime, `updated_at` datetime NOT NULL, `completed_at` datetime, `duration` int(11) DEFAULT 1, `hidden` int(11) DEFAULT 0, `milestone_id` int(11), `description` text, `company_id` int(11), `priority` int(11) DEFAULT 0, `updated_by_id` int(11), `severity_id` int(11) DEFAULT 0, `type_id` int(11) DEFAULT 0, `task_num` int(11) DEFAULT 0, `status` int(11) DEFAULT 0, `requested_by` varchar(255), `creator_id` int(11), `notify_emails` varchar(255)) ENGINE=InnoDB[0m
  [4;35;1mSQL (0.017000)[0m   [0mCREATE INDEX `tasks_project_id_index` ON tasks (`project_id`, `milestone_id`)[0m
  [4;36;1mSQL (0.006000)[0m   [0;1mCREATE INDEX `tasks_company_id_index` ON tasks (`company_id`)[0m
  [4;35;1mSQL (0.000000)[0m   [0mMysql::Error: #42S02Unknown table 'thumbnails': DROP TABLE thumbnails[0m
  [4;36;1mSQL (0.004000)[0m   [0;1mCREATE TABLE thumbnails (`id` int(11) DEFAULT NULL auto_increment PRIMARY KEY, `data` blob, `project_file_id` int(11)) ENGINE=InnoDB[0m
  [4;35;1mSQL (0.000000)[0m   [0mMysql::Error: #42S02Unknown table 'users': DROP TABLE users[0m
  [4;36;1mSQL (0.004000)[0m   [0;1mCREATE TABLE users (`id` int(11) DEFAULT NULL auto_increment PRIMARY KEY, `name` varchar(200) DEFAULT '' NOT NULL, `username` varchar(200) DEFAULT '' NOT NULL, `password` varchar(200) DEFAULT '' NOT NULL, `company_id` int(11) DEFAULT 0 NOT NULL, `created_at` datetime, `updated_at` datetime, `email` varchar(200), `last_login_at` datetime, `admin` int(11) DEFAULT 0, `time_zone` varchar(255), `option_tracktime` int(11), `option_externalclients` int(11), `option_showcalendar` int(11), `option_tooltips` int(11), `seen_news_id` int(11) DEFAULT 0, `last_project_id` int(11), `last_seen_at` datetime, `last_ping_at` datetime, `last_milestone_id` int(11), `last_filter` int(11), `date_format` varchar(255), `time_format` varchar(255), `send_notifications` int(11) DEFAULT 1, `receive_notifications` int(11) DEFAULT 1, `uuid` varchar(255), `seen_welcome` int(11) DEFAULT 0, `locale` varchar(255) DEFAULT 'en_US') ENGINE=InnoDB[0m
  [4;35;1mSQL (0.008000)[0m   [0mCREATE INDEX `users_uuid_index` ON users (`uuid`)[0m
  [4;36;1mSQL (0.011000)[0m   [0;1mCREATE INDEX `users_username_index` ON users (`username`)[0m
  [4;35;1mSQL (0.013000)[0m   [0mCREATE INDEX `users_company_id_index` ON users (`company_id`)[0m
  [4;36;1mSQL (0.000000)[0m   [0;1mMysql::Error: #42S02Unknown table 'views': DROP TABLE views[0m
  [4;35;1mSQL (0.007000)[0m   [0mCREATE TABLE views (`id` int(11) DEFAULT NULL auto_increment PRIMARY KEY, `name` varchar(255), `company_id` int(11), `user_id` int(11), `shared` int(11) DEFAULT 0, `auto_group` int(11) DEFAULT 0, `filter_customer_id` int(11) DEFAULT 0, `filter_project_id` int(11) DEFAULT 0, `filter_milestone_id` int(11) DEFAULT 0, `filter_user_id` int(11) DEFAULT 0, `filter_tags` varchar(255) DEFAULT '', `filter_status` int(11) DEFAULT 0, `filter_type_id` int(11) DEFAULT 0) ENGINE=InnoDB[0m
  [4;36;1mSQL (0.010000)[0m   [0;1mCREATE INDEX `views_company_id_index` ON views (`company_id`)[0m
  [4;35;1mSQL (0.000000)[0m   [0mMysql::Error: #42S02Unknown table 'wiki_pages': DROP TABLE wiki_pages[0m
  [4;36;1mSQL (0.007000)[0m   [0;1mCREATE TABLE wiki_pages (`id` int(11) DEFAULT NULL auto_increment PRIMARY KEY, `company_id` int(11), `project_id` int(11), `created_at` datetime, `updated_at` datetime, `name` varchar(255), `locked_at` datetime, `locked_by` int(11)) ENGINE=InnoDB[0m
  [4;35;1mSQL (0.009000)[0m   [0mCREATE INDEX `wiki_pages_company_id_index` ON wiki_pages (`company_id`)[0m
  [4;36;1mSQL (0.000000)[0m   [0;1mMysql::Error: #42S02Unknown table 'wiki_revisions': DROP TABLE wiki_revisions[0m
  [4;35;1mSQL (0.009000)[0m   [0mCREATE TABLE wiki_revisions (`id` int(11) DEFAULT NULL auto_increment PRIMARY KEY, `wiki_page_id` int(11), `created_at` datetime, `updated_at` datetime, `body` text, `user_id` int(11)) ENGINE=InnoDB[0m
  [4;36;1mSQL (0.007000)[0m   [0;1mCREATE INDEX `wiki_revisions_wiki_page_id_index` ON wiki_revisions (`wiki_page_id`)[0m
  [4;35;1mSQL (0.000000)[0m   [0mMysql::Error: #42S02Unknown table 'work_logs': DROP TABLE work_logs[0m
  [4;36;1mSQL (0.005000)[0m   [0;1mCREATE TABLE work_logs (`id` int(11) DEFAULT NULL auto_increment PRIMARY KEY, `user_id` int(11) DEFAULT 0 NOT NULL, `task_id` int(11), `project_id` int(11) DEFAULT 0 NOT NULL, `company_id` int(11) DEFAULT 0 NOT NULL, `customer_id` int(11) DEFAULT 0 NOT NULL, `started_at` datetime NOT NULL, `duration` int(11) DEFAULT 0 NOT NULL, `body` text, `log_type` int(11) DEFAULT 0, `scm_changeset_id` int(11)) ENGINE=InnoDB[0m
  [4;35;1mSQL (0.005000)[0m   [0mCREATE INDEX `work_logs_user_id` ON work_logs (`user_id`)[0m
  [4;36;1mSQL (0.010000)[0m   [0;1mCREATE INDEX `work_logs_user_id_index` ON work_logs (`user_id`, `task_id`)[0m
  [4;35;1mSQL (0.008000)[0m   [0mCREATE INDEX `work_logs_task_id_index` ON work_logs (`task_id`, `log_type`)[0m
  [4;36;1mSQL (0.014000)[0m   [0;1mCREATE INDEX `work_logs_company_id_index` ON work_logs (`company_id`)[0m
  [4;35;1mSQL (0.010000)[0m   [0mCREATE INDEX `work_logs_project_id_index` ON work_logs (`project_id`)[0m
  [4;36;1mSQL (0.011000)[0m   [0;1mCREATE INDEX `work_logs_customer_id_index` ON work_logs (`customer_id`)[0m
  [4;35;1mSQL (0.005000)[0m   [0mCREATE TABLE schema_info (version int(11))[0m
  [4;36;1mSQL (0.001000)[0m   [0;1mINSERT INTO schema_info (version) VALUES(0)[0m
  [4;35;1mSQL (0.001000)[0m   [0mSHOW FIELDS FROM schema_info[0m
  [4;36;1mSQL (0.001000)[0m   [0;1mUPDATE schema_info SET version = 68[0m


Processing LoginController#login (for 127.0.0.1 at 2007-04-12 05:57:05) [GET]
  Session ID: 57619188ee71a5a44cb4afcfa7dd4069
  Parameters: {"action"=>"login", "controller"=>"login"}
  [4;36;1mCompany Load (0.001000)[0m   [0;1mSELECT * FROM companies WHERE (subdomain = '127') LIMIT 1[0m
  [4;35;1mAnalyzing Company Load
[0m   [0mselect_type | key_len | type | Extra       | id | possible_keys             | rows | table     | ref   | key                      
   ----------------------------------------------------------------------------------------------------------------------------------
   SIMPLE      | 257     | ref  | Using where | 1  | companies_subdomain_index | 1    | companies | const | companies_subdomain_index
[0m
Redirected to http://www.clockingit.com
Response body was encoded with gzip
Completed in 0.00400 (249 reqs/sec) | DB: 0.00100 (24%) | 302 Found [http://127.0.0.1/]


Processing LoginController#login (for 127.0.0.1 at 2007-04-14 07:36:40) [GET]
  Session ID: 75c20dd6c417590ef57b3d9853e383fd
  Parameters: {"action"=>"login", "controller"=>"login"}
  [4;36;1mCompany Load (0.047000)[0m   [0;1mSELECT * FROM companies WHERE (subdomain = '127') LIMIT 1[0m
  [4;35;1mAnalyzing Company Load
[0m   [0mselect_type | key_len | type | Extra       | id | possible_keys             | rows | table     | ref   | key                      
   ----------------------------------------------------------------------------------------------------------------------------------
   SIMPLE      | 257     | ref  | Using where | 1  | companies_subdomain_index | 1    | companies | const | companies_subdomain_index
[0m
Redirected to http://www.clockingit.com
Response body was encoded with gzip
Completed in 0.06300 (15 reqs/sec) | DB: 0.04700 (74%) | 302 Found [http://127.0.0.1/]
