10:39:47,201 INFO  [GenericConverter] setting default conversion for SQLDate
10:39:47,466 DEBUG [GenericConverter] formatted->0004000395
10:39:47,654 DEBUG [GenericConverter] created object.
10:39:47,654 DEBUG [GenericConverter] 社員番号=0004000395->employee.empNo
10:39:47,670 DEBUG [GenericConverter] formatted->0023001270
10:39:47,748 DEBUG [GenericConverter] created object.
10:39:47,748 DEBUG [GenericConverter] 社員番号=0023001270->employee.empNo
10:39:47,748 DEBUG [GenericConverter] formatted->0023000029
10:39:47,794 DEBUG [GenericConverter] created object.
10:39:47,810 DEBUG [GenericConverter] 社員番号=0023000029->employee.empNo
10:39:47,810 DEBUG [GenericConverter] formatted->3
10:39:47,826 DEBUG [GenericConverter] 有休=3->payrollItems[3].value
10:39:47,826 DEBUG [GenericConverter] formatted->0023000724
10:39:47,888 DEBUG [GenericConverter] created object.
10:39:47,888 DEBUG [GenericConverter] 社員番号=0023000724->employee.empNo
10:39:47,919 DEBUG [GenericConverter] formatted->10:00:00
10:39:47,998 DEBUG [GenericConverter] 普残業=10:00:00->payrollItems[30].value
10:39:47,998 DEBUG [GenericConverter] formatted->70:00:00
10:39:47,998 DEBUG [GenericConverter] 深夜勤務=70:00:00->payrollItems[9].value
10:39:47,998 DEBUG [GenericConverter] formatted->3
10:39:47,998 DEBUG [GenericConverter] 有休=3->payrollItems[3].value
10:39:47,998 DEBUG [GenericConverter] formatted->0023000732
10:39:48,076 DEBUG [GenericConverter] created object.
10:39:48,076 DEBUG [GenericConverter] 社員番号=0023000732->employee.empNo
10:39:48,076 DEBUG [GenericConverter] formatted->8:30:00
10:39:48,138 DEBUG [GenericConverter] 普残業=8:30:00->payrollItems[30].value
10:39:48,138 DEBUG [GenericConverter] formatted->63:00:00
10:39:48,138 DEBUG [GenericConverter] 深夜勤務=63:00:00->payrollItems[9].value
10:39:48,138 DEBUG [GenericConverter] formatted->3
10:39:48,138 DEBUG [GenericConverter] 有休=3->payrollItems[3].value
10:39:48,154 DEBUG [GenericConverter] formatted->0023000802
10:39:48,248 DEBUG [GenericConverter] created object.
10:39:48,248 DEBUG [GenericConverter] 社員番号=0023000802->employee.empNo
10:39:48,248 DEBUG [GenericConverter] formatted->12:00:00
10:39:48,294 DEBUG [GenericConverter] 普残業=12:00:00->payrollItems[30].value
10:39:48,294 DEBUG [GenericConverter] formatted->67:00:00
10:39:48,294 DEBUG [GenericConverter] 深夜勤務=67:00:00->payrollItems[9].value
10:39:48,294 DEBUG [GenericConverter] formatted->1
10:39:48,294 DEBUG [GenericConverter] 有休=1->payrollItems[3].value
10:39:48,294 DEBUG [GenericConverter] formatted->1:00:00
10:39:48,294 DEBUG [GenericConverter] 泊り回数=1:00:00->payrollItems[12].value
10:39:48,294 DEBUG [GenericConverter] formatted->0023000855
10:39:48,357 DEBUG [GenericConverter] created object.
10:39:48,357 DEBUG [GenericConverter] 社員番号=0023000855->employee.empNo
10:39:48,357 DEBUG [GenericConverter] formatted->14:00:00
10:39:48,372 DEBUG [GenericConverter] 深夜勤務=14:00:00->payrollItems[9].value
10:39:48,372 DEBUG [GenericConverter] formatted->0023001039
10:39:48,404 DEBUG [GenericConverter] created object.
10:39:48,404 DEBUG [GenericConverter] 社員番号=0023001039->employee.empNo
10:39:48,404 DEBUG [GenericConverter] formatted->7:00:00
10:39:48,482 DEBUG [GenericConverter] 普残業=7:00:00->payrollItems[30].value
10:39:48,482 DEBUG [GenericConverter] formatted->77:00:00
10:39:48,482 DEBUG [GenericConverter] 深夜勤務=77:00:00->payrollItems[9].value
10:39:48,482 DEBUG [GenericConverter] formatted->1
10:39:48,482 DEBUG [GenericConverter] 有休=1->payrollItems[3].value
10:39:48,482 DEBUG [GenericConverter] formatted->0023001043
10:39:48,544 DEBUG [GenericConverter] created object.
10:39:48,544 DEBUG [GenericConverter] 社員番号=0023001043->employee.empNo
10:39:48,544 DEBUG [GenericConverter] formatted->8:00:00
10:39:48,622 DEBUG [GenericConverter] 普残業=8:00:00->payrollItems[30].value
10:39:48,622 DEBUG [GenericConverter] formatted->74:30:00
10:39:48,622 DEBUG [GenericConverter] 深夜勤務=74:30:00->payrollItems[9].value
10:39:48,638 DEBUG [GenericConverter] formatted->2
10:39:48,638 DEBUG [GenericConverter] 有休=2->payrollItems[3].value
10:39:48,638 DEBUG [GenericConverter] formatted->1:00:00
10:39:48,638 DEBUG [GenericConverter] 泊り回数=1:00:00->payrollItems[12].value
10:39:48,638 DEBUG [GenericConverter] formatted->0023001047
10:39:48,701 DEBUG [GenericConverter] created object.
10:39:48,701 DEBUG [GenericConverter] 社員番号=0023001047->employee.empNo
10:39:48,701 DEBUG [GenericConverter] formatted->5:30:00
10:39:48,763 DEBUG [GenericConverter] 普残業=5:30:00->payrollItems[30].value
10:39:48,763 DEBUG [GenericConverter] formatted->63:00:00
10:39:48,763 DEBUG [GenericConverter] 深夜勤務=63:00:00->payrollItems[9].value
10:39:48,763 DEBUG [GenericConverter] formatted->1
10:39:48,763 DEBUG [GenericConverter] 有休=1->payrollItems[3].value
10:39:48,763 DEBUG [GenericConverter] formatted->2:00:00
10:39:48,763 DEBUG [GenericConverter] 泊り回数=2:00:00->payrollItems[12].value
10:39:48,763 DEBUG [GenericConverter] formatted->0023001423
10:39:48,841 DEBUG [GenericConverter] created object.
10:39:48,841 DEBUG [GenericConverter] 社員番号=0023001423->employee.empNo
10:39:48,841 DEBUG [GenericConverter] formatted->12:30:00
10:39:48,888 DEBUG [GenericConverter] 普残業=12:30:00->payrollItems[30].value
10:39:48,888 DEBUG [GenericConverter] formatted->28:00:00
10:39:48,888 DEBUG [GenericConverter] 深夜勤務=28:00:00->payrollItems[9].value
10:39:48,888 DEBUG [GenericConverter] formatted->4:00:00
10:39:48,888 DEBUG [GenericConverter] 泊り回数=4:00:00->payrollItems[12].value
10:39:48,888 DEBUG [GenericConverter] formatted->0023001428
10:39:48,950 DEBUG [GenericConverter] created object.
10:39:48,950 DEBUG [GenericConverter] 社員番号=0023001428->employee.empNo
10:39:48,950 DEBUG [GenericConverter] formatted->4:30:00
10:39:48,982 DEBUG [GenericConverter] 普残業=4:30:00->payrollItems[30].value
10:39:48,982 DEBUG [GenericConverter] formatted->63:00:00
10:39:48,982 DEBUG [GenericConverter] 深夜勤務=63:00:00->payrollItems[9].value
10:39:48,982 DEBUG [GenericConverter] formatted->1
10:39:48,982 DEBUG [GenericConverter] 有休=1->payrollItems[3].value
10:39:48,982 DEBUG [GenericConverter] formatted->3:00:00
10:39:48,982 DEBUG [GenericConverter] 泊り回数=3:00:00->payrollItems[12].value
10:39:48,982 DEBUG [GenericConverter] formatted->0023001446
10:39:49,044 DEBUG [GenericConverter] created object.
10:39:49,044 DEBUG [GenericConverter] 社員番号=0023001446->employee.empNo
10:39:49,044 DEBUG [GenericConverter] formatted->11:30:00
10:39:49,091 DEBUG [GenericConverter] 普残業=11:30:00->payrollItems[30].value
10:39:49,091 DEBUG [GenericConverter] formatted->35:00:00
10:39:49,091 DEBUG [GenericConverter] 深夜勤務=35:00:00->payrollItems[9].value
10:39:49,091 DEBUG [GenericConverter] formatted->2:00:00
10:39:49,091 DEBUG [GenericConverter] 泊り回数=2:00:00->payrollItems[12].value
10:39:49,091 DEBUG [GenericConverter] formatted->0023001469
10:39:49,138 DEBUG [GenericConverter] created object.
10:39:49,138 DEBUG [GenericConverter] 社員番号=0023001469->employee.empNo
10:39:49,138 DEBUG [GenericConverter] formatted->10:30:00
10:39:49,154 DEBUG [GenericConverter] 深夜勤務=10:30:00->payrollItems[9].value
10:39:49,154 DEBUG [GenericConverter] formatted->0023001479
10:39:49,185 DEBUG [GenericConverter] created object.
10:39:49,185 DEBUG [GenericConverter] 社員番号=0023001479->employee.empNo
10:39:49,185 DEBUG [GenericConverter] formatted->22:30:00
10:39:49,232 DEBUG [GenericConverter] 普残業=22:30:00->payrollItems[30].value
10:39:49,232 DEBUG [GenericConverter] formatted->1
10:39:49,232 DEBUG [GenericConverter] 有休=1->payrollItems[3].value
10:39:49,232 DEBUG [GenericConverter] formatted->0023001491
10:39:49,263 DEBUG [GenericConverter] created object.
10:39:49,263 DEBUG [GenericConverter] 社員番号=0023001491->employee.empNo
10:39:49,279 DEBUG [GenericConverter] formatted->6:30:00
10:39:49,325 DEBUG [GenericConverter] 普残業=6:30:00->payrollItems[30].value
10:39:49,341 DEBUG [GenericConverter] formatted->60:00:00
10:39:49,341 DEBUG [GenericConverter] 深夜勤務=60:00:00->payrollItems[9].value
10:39:49,341 DEBUG [GenericConverter] formatted->2
10:39:49,341 DEBUG [GenericConverter] 有休=2->payrollItems[3].value
10:39:49,341 DEBUG [GenericConverter] formatted->4:00:00
10:39:49,341 DEBUG [GenericConverter] 泊り回数=4:00:00->payrollItems[12].value
10:39:49,341 DEBUG [GenericConverter] formatted->0023001503
10:39:49,404 DEBUG [GenericConverter] created object.
10:39:49,404 DEBUG [GenericConverter] 社員番号=0023001503->employee.empNo
10:39:49,404 DEBUG [GenericConverter] formatted->6:00:00
10:39:49,450 DEBUG [GenericConverter] 普残業=6:00:00->payrollItems[30].value
10:39:49,450 DEBUG [GenericConverter] formatted->63:30:00
10:39:49,466 DEBUG [GenericConverter] 深夜勤務=63:30:00->payrollItems[9].value
10:39:49,466 DEBUG [GenericConverter] formatted->2
10:39:49,466 DEBUG [GenericConverter] 有休=2->payrollItems[3].value
10:39:49,466 DEBUG [GenericConverter] formatted->2:00:00
10:39:49,466 DEBUG [GenericConverter] 泊り回数=2:00:00->payrollItems[12].value
10:39:49,466 DEBUG [GenericConverter] formatted->0023001506
10:39:49,528 DEBUG [GenericConverter] created object.
10:39:49,528 DEBUG [GenericConverter] 社員番号=0023001506->employee.empNo
10:39:49,528 DEBUG [GenericConverter] formatted->20:00:00
10:39:49,622 DEBUG [GenericConverter] 普残業=20:00:00->payrollItems[30].value
10:39:49,622 DEBUG [GenericConverter] formatted->0023001527
10:39:49,685 DEBUG [GenericConverter] created object.
10:39:49,685 DEBUG [GenericConverter] 社員番号=0023001527->employee.empNo
10:39:49,685 DEBUG [GenericConverter] formatted->11:30:00
10:39:49,732 DEBUG [GenericConverter] 普残業=11:30:00->payrollItems[30].value
10:39:49,732 DEBUG [GenericConverter] formatted->71:00:00
10:39:49,732 DEBUG [GenericConverter] 深夜勤務=71:00:00->payrollItems[9].value
10:39:49,732 DEBUG [GenericConverter] formatted->1
10:39:49,732 DEBUG [GenericConverter] 有休=1->payrollItems[3].value
10:39:49,747 DEBUG [GenericConverter] formatted->2:00:00
10:39:49,747 DEBUG [GenericConverter] 泊り回数=2:00:00->payrollItems[12].value
10:39:49,747 DEBUG [GenericConverter] formatted->0023001305
10:39:49,794 DEBUG [GenericConverter] created object.
10:39:49,794 DEBUG [GenericConverter] 社員番号=0023001305->employee.empNo
10:39:49,794 DEBUG [GenericConverter] formatted->5
10:39:49,810 DEBUG [GenericConverter] 有休=5->payrollItems[3].value
10:39:49,810 DEBUG [GenericConverter] formatted->0023001353
10:39:49,841 DEBUG [GenericConverter] created object.
10:39:49,841 DEBUG [GenericConverter] 社員番号=0023001353->employee.empNo
10:39:49,841 DEBUG [GenericConverter] formatted->13:30:00
10:39:49,872 DEBUG [GenericConverter] 普残業=13:30:00->payrollItems[30].value
10:39:49,872 DEBUG [GenericConverter] formatted->64:00:00
10:39:49,872 DEBUG [GenericConverter] 深夜勤務=64:00:00->payrollItems[9].value
10:39:49,872 DEBUG [GenericConverter] formatted->1
10:39:49,872 DEBUG [GenericConverter] 有休=1->payrollItems[3].value
10:39:49,872 DEBUG [GenericConverter] formatted->2:00:00
10:39:49,872 DEBUG [GenericConverter] 泊り回数=2:00:00->payrollItems[12].value
10:39:49,872 DEBUG [GenericConverter] formatted->0023001356
10:39:49,903 DEBUG [GenericConverter] created object.
10:39:49,903 DEBUG [GenericConverter] 社員番号=0023001356->employee.empNo
10:39:49,903 DEBUG [GenericConverter] formatted->17:30:00
10:39:49,966 DEBUG [GenericConverter] 普残業=17:30:00->payrollItems[30].value
10:39:49,966 DEBUG [GenericConverter] formatted->70:00:00
10:39:49,966 DEBUG [GenericConverter] 深夜勤務=70:00:00->payrollItems[9].value
10:39:49,966 DEBUG [GenericConverter] formatted->1
10:39:49,966 DEBUG [GenericConverter] 有休=1->payrollItems[3].value
10:39:49,966 DEBUG [GenericConverter] formatted->2:00:00
10:39:49,966 DEBUG [GenericConverter] 泊り回数=2:00:00->payrollItems[12].value
10:39:49,966 DEBUG [GenericConverter] formatted->0023001411
10:39:50,028 DEBUG [GenericConverter] created object.
10:39:50,028 DEBUG [GenericConverter] 社員番号=0023001411->employee.empNo
10:39:50,028 DEBUG [GenericConverter] formatted->0023001429
10:39:50,060 DEBUG [GenericConverter] created object.
10:39:50,060 DEBUG [GenericConverter] 社員番号=0023001429->employee.empNo
10:39:50,060 DEBUG [GenericConverter] formatted->8:30:00
10:39:50,106 DEBUG [GenericConverter] 普残業=8:30:00->payrollItems[30].value
10:39:50,106 DEBUG [GenericConverter] formatted->1:00:00
